{"/home/roman/www/react-webpack-starter-master/src/components/utils/endpoints.ts": {"path":"/home/roman/www/react-webpack-starter-master/src/components/utils/endpoints.ts","statementMap":{"0":{"start":{"line":1,"column":34},"end":{"line":1,"column":54}},"1":{"start":{"line":2,"column":35},"end":{"line":2,"column":52}},"2":{"start":{"line":3,"column":25},"end":{"line":3,"column":41}},"3":{"start":{"line":4,"column":26},"end":{"line":4,"column":43}},"4":{"start":{"line":5,"column":26},"end":{"line":5,"column":38}},"5":{"start":{"line":6,"column":29},"end":{"line":6,"column":44}},"6":{"start":{"line":7,"column":28},"end":{"line":7,"column":47}},"7":{"start":{"line":8,"column":42},"end":{"line":8,"column":68}},"8":{"start":{"line":9,"column":33},"end":{"line":9,"column":49}}},"fnMap":{},"branchMap":{},"s":{"0":3,"1":3,"2":3,"3":3,"4":3,"5":3,"6":3,"7":3,"8":3},"f":{},"b":{},"_coverageSchema":"1a1c01bbd47fc00a2c39e90264f33305004495a9","hash":"5476027959dd10a8e5aae7258601e4092d61b5d1"}
,"/home/roman/www/react-webpack-starter-master/src/components/utils/request.ts": {"path":"/home/roman/www/react-webpack-starter-master/src/components/utils/request.ts","statementMap":{"0":{"start":{"line":4,"column":16},"end":{"line":4,"column":52}},"1":{"start":{"line":27,"column":28},"end":{"line":47,"column":1}},"2":{"start":{"line":28,"column":15},"end":{"line":28,"column":53}},"3":{"start":{"line":30,"column":1},"end":{"line":46,"column":4}},"4":{"start":{"line":39,"column":2},"end":{"line":41,"column":3}},"5":{"start":{"line":40,"column":3},"end":{"line":40,"column":38}},"6":{"start":{"line":42,"column":2},"end":{"line":42,"column":57}},"7":{"start":{"line":43,"column":2},"end":{"line":43,"column":55}},"8":{"start":{"line":45,"column":2},"end":{"line":45,"column":21}},"9":{"start":{"line":49,"column":23},"end":{"line":60,"column":1}},"10":{"start":{"line":53,"column":13},"end":{"line":53,"column":58}},"11":{"start":{"line":54,"column":1},"end":{"line":57,"column":2}},"12":{"start":{"line":55,"column":32},"end":{"line":55,"column":48}},"13":{"start":{"line":56,"column":2},"end":{"line":56,"column":31}},"14":{"start":{"line":59,"column":1},"end":{"line":59,"column":33}},"15":{"start":{"line":62,"column":31},"end":{"line":89,"column":1}},"16":{"start":{"line":66,"column":41},"end":{"line":66,"column":62}},"17":{"start":{"line":68,"column":1},"end":{"line":68,"column":69}},"18":{"start":{"line":70,"column":1},"end":{"line":88,"column":2}},"19":{"start":{"line":71,"column":2},"end":{"line":74,"column":5}},"20":{"start":{"line":76,"column":16},"end":{"line":76,"column":37}},"21":{"start":{"line":77,"column":2},"end":{"line":87,"column":3}},"22":{"start":{"line":78,"column":23},"end":{"line":78,"column":43}},"23":{"start":{"line":79,"column":3},"end":{"line":79,"column":51}},"24":{"start":{"line":80,"column":3},"end":{"line":83,"column":6}},"25":{"start":{"line":85,"column":3},"end":{"line":85,"column":20}},"26":{"start":{"line":86,"column":3},"end":{"line":86,"column":59}}},"fnMap":{"0":{"name":"(anonymous_0)","decl":{"start":{"line":27,"column":28},"end":{"line":27,"column":29}},"loc":{"start":{"line":27,"column":65},"end":{"line":47,"column":1}},"line":27},"1":{"name":"(anonymous_1)","decl":{"start":{"line":38,"column":9},"end":{"line":38,"column":10}},"loc":{"start":{"line":38,"column":26},"end":{"line":46,"column":2}},"line":38},"2":{"name":"(anonymous_2)","decl":{"start":{"line":49,"column":23},"end":{"line":49,"column":24}},"loc":{"start":{"line":52,"column":17},"end":{"line":60,"column":1}},"line":52},"3":{"name":"(anonymous_3)","decl":{"start":{"line":62,"column":31},"end":{"line":62,"column":32}},"loc":{"start":{"line":65,"column":17},"end":{"line":89,"column":1}},"line":65}},"branchMap":{"0":{"loc":{"start":{"line":39,"column":2},"end":{"line":41,"column":3}},"type":"if","locations":[{"start":{"line":39,"column":2},"end":{"line":41,"column":3}},{"start":{},"end":{}}],"line":39},"1":{"loc":{"start":{"line":54,"column":1},"end":{"line":57,"column":2}},"type":"if","locations":[{"start":{"line":54,"column":1},"end":{"line":57,"column":2}},{"start":{},"end":{}}],"line":54},"2":{"loc":{"start":{"line":64,"column":1},"end":{"line":64,"column":30}},"type":"default-arg","locations":[{"start":{"line":64,"column":28},"end":{"line":64,"column":30}}],"line":64},"3":{"loc":{"start":{"line":66,"column":41},"end":{"line":66,"column":62}},"type":"binary-expr","locations":[{"start":{"line":66,"column":41},"end":{"line":66,"column":56}},{"start":{"line":66,"column":60},"end":{"line":66,"column":62}}],"line":66},"4":{"loc":{"start":{"line":68,"column":25},"end":{"line":68,"column":68}},"type":"binary-expr","locations":[{"start":{"line":68,"column":25},"end":{"line":68,"column":62}},{"start":{"line":68,"column":66},"end":{"line":68,"column":68}}],"line":68},"5":{"loc":{"start":{"line":77,"column":2},"end":{"line":87,"column":3}},"type":"if","locations":[{"start":{"line":77,"column":2},"end":{"line":87,"column":3}},{"start":{"line":84,"column":9},"end":{"line":87,"column":3}}],"line":77},"6":{"loc":{"start":{"line":86,"column":25},"end":{"line":86,"column":57}},"type":"binary-expr","locations":[{"start":{"line":86,"column":25},"end":{"line":86,"column":38}},{"start":{"line":86,"column":42},"end":{"line":86,"column":57}}],"line":86}},"s":{"0":3,"1":3,"2":0,"3":0,"4":0,"5":0,"6":0,"7":0,"8":0,"9":3,"10":0,"11":0,"12":0,"13":0,"14":0,"15":3,"16":0,"17":0,"18":0,"19":0,"20":0,"21":0,"22":0,"23":0,"24":0,"25":0,"26":0},"f":{"0":0,"1":0,"2":0,"3":0},"b":{"0":[0,0],"1":[0,0],"2":[0],"3":[0,0],"4":[0,0],"5":[0,0],"6":[0,0]},"_coverageSchema":"1a1c01bbd47fc00a2c39e90264f33305004495a9","hash":"7a93081969599e96518bdf6cf160a0e4ac4464ab"}
,"/home/roman/www/react-webpack-starter-master/src/components/utils/storage.ts": {"path":"/home/roman/www/react-webpack-starter-master/src/components/utils/storage.ts","statementMap":{"0":{"start":{"line":4,"column":28},"end":{"line":8,"column":1}},"1":{"start":{"line":6,"column":2},"end":{"line":6,"column":59}},"2":{"start":{"line":7,"column":1},"end":{"line":7,"column":41}},"3":{"start":{"line":10,"column":30},"end":{"line":26,"column":1}},"4":{"start":{"line":14,"column":14},"end":{"line":14,"column":39}},"5":{"start":{"line":15,"column":1},"end":{"line":17,"column":2}},"6":{"start":{"line":16,"column":2},"end":{"line":16,"column":22}},"7":{"start":{"line":19,"column":1},"end":{"line":25,"column":2}},"8":{"start":{"line":21,"column":2},"end":{"line":21,"column":31}},"9":{"start":{"line":24,"column":2},"end":{"line":24,"column":19}},"10":{"start":{"line":28,"column":33},"end":{"line":30,"column":1}},"11":{"start":{"line":29,"column":1},"end":{"line":29,"column":30}}},"fnMap":{"0":{"name":"(anonymous_0)","decl":{"start":{"line":4,"column":28},"end":{"line":4,"column":29}},"loc":{"start":{"line":4,"column":73},"end":{"line":8,"column":1}},"line":4},"1":{"name":"(anonymous_1)","decl":{"start":{"line":10,"column":30},"end":{"line":10,"column":31}},"loc":{"start":{"line":13,"column":15},"end":{"line":26,"column":1}},"line":13},"2":{"name":"(anonymous_2)","decl":{"start":{"line":28,"column":33},"end":{"line":28,"column":34}},"loc":{"start":{"line":28,"column":56},"end":{"line":30,"column":1}},"line":28}},"branchMap":{"0":{"loc":{"start":{"line":6,"column":2},"end":{"line":6,"column":59}},"type":"cond-expr","locations":[{"start":{"line":6,"column":30},"end":{"line":6,"column":35}},{"start":{"line":6,"column":38},"end":{"line":6,"column":59}}],"line":6},"1":{"loc":{"start":{"line":12,"column":1},"end":{"line":12,"column":30}},"type":"default-arg","locations":[{"start":{"line":12,"column":26},"end":{"line":12,"column":30}}],"line":12},"2":{"loc":{"start":{"line":15,"column":1},"end":{"line":17,"column":2}},"type":"if","locations":[{"start":{"line":15,"column":1},"end":{"line":17,"column":2}},{"start":{},"end":{}}],"line":15}},"s":{"0":4,"1":0,"2":0,"3":4,"4":0,"5":0,"6":0,"7":0,"8":0,"9":0,"10":4,"11":0},"f":{"0":0,"1":0,"2":0},"b":{"0":[0,0],"1":[0],"2":[0,0]},"_coverageSchema":"1a1c01bbd47fc00a2c39e90264f33305004495a9","hash":"18fe00c5e1d875ff878d471110cbe11360b78a40"}
,"/home/roman/www/react-webpack-starter-master/src/services/auth/action.ts": {"path":"/home/roman/www/react-webpack-starter-master/src/services/auth/action.ts","statementMap":{"0":{"start":{"line":18,"column":21},"end":{"line":18,"column":37}},"1":{"start":{"line":19,"column":28},"end":{"line":19,"column":51}},"2":{"start":{"line":20,"column":29},"end":{"line":20,"column":53}},"3":{"start":{"line":21,"column":22},"end":{"line":21,"column":39}},"4":{"start":{"line":22,"column":29},"end":{"line":22,"column":53}},"5":{"start":{"line":23,"column":30},"end":{"line":23,"column":55}},"6":{"start":{"line":24,"column":24},"end":{"line":24,"column":48}},"7":{"start":{"line":25,"column":32},"end":{"line":25,"column":64}},"8":{"start":{"line":26,"column":31},"end":{"line":26,"column":62}},"9":{"start":{"line":27,"column":23},"end":{"line":27,"column":41}},"10":{"start":{"line":28,"column":31},"end":{"line":28,"column":57}},"11":{"start":{"line":29,"column":30},"end":{"line":29,"column":55}},"12":{"start":{"line":30,"column":22},"end":{"line":30,"column":48}},"13":{"start":{"line":31,"column":30},"end":{"line":31,"column":55}},"14":{"start":{"line":32,"column":29},"end":{"line":32,"column":53}},"15":{"start":{"line":33,"column":21},"end":{"line":33,"column":37}},"16":{"start":{"line":34,"column":29},"end":{"line":34,"column":53}},"17":{"start":{"line":35,"column":28},"end":{"line":35,"column":51}},"18":{"start":{"line":36,"column":24},"end":{"line":36,"column":43}},"19":{"start":{"line":37,"column":32},"end":{"line":37,"column":59}},"20":{"start":{"line":38,"column":31},"end":{"line":38,"column":57}},"21":{"start":{"line":39,"column":24},"end":{"line":39,"column":43}},"22":{"start":{"line":40,"column":32},"end":{"line":40,"column":59}},"23":{"start":{"line":41,"column":31},"end":{"line":41,"column":57}},"24":{"start":{"line":189,"column":1},"end":{"line":222,"column":3}},"25":{"start":{"line":190,"column":2},"end":{"line":192,"column":5}},"26":{"start":{"line":194,"column":18},"end":{"line":203,"column":3}},"27":{"start":{"line":205,"column":2},"end":{"line":221,"column":6}},"28":{"start":{"line":207,"column":4},"end":{"line":210,"column":7}},"29":{"start":{"line":211,"column":4},"end":{"line":211,"column":51}},"30":{"start":{"line":212,"column":4},"end":{"line":212,"column":49}},"31":{"start":{"line":215,"column":4},"end":{"line":215,"column":23}},"32":{"start":{"line":216,"column":4},"end":{"line":219,"column":7}},"33":{"start":{"line":220,"column":4},"end":{"line":220,"column":16}},"34":{"start":{"line":226,"column":1},"end":{"line":250,"column":3}},"35":{"start":{"line":227,"column":2},"end":{"line":229,"column":5}},"36":{"start":{"line":230,"column":2},"end":{"line":249,"column":6}},"37":{"start":{"line":238,"column":4},"end":{"line":240,"column":7}},"38":{"start":{"line":241,"column":4},"end":{"line":241,"column":38}},"39":{"start":{"line":242,"column":4},"end":{"line":242,"column":37}},"40":{"start":{"line":245,"column":4},"end":{"line":248,"column":7}},"41":{"start":{"line":254,"column":1},"end":{"line":284,"column":3}},"42":{"start":{"line":255,"column":2},"end":{"line":257,"column":5}},"43":{"start":{"line":259,"column":2},"end":{"line":283,"column":6}},"44":{"start":{"line":271,"column":4},"end":{"line":271,"column":51}},"45":{"start":{"line":272,"column":4},"end":{"line":272,"column":49}},"46":{"start":{"line":273,"column":4},"end":{"line":276,"column":7}},"47":{"start":{"line":279,"column":4},"end":{"line":282,"column":7}},"48":{"start":{"line":287,"column":1},"end":{"line":314,"column":3}},"49":{"start":{"line":288,"column":2},"end":{"line":290,"column":5}},"50":{"start":{"line":292,"column":2},"end":{"line":313,"column":6}},"51":{"start":{"line":302,"column":4},"end":{"line":304,"column":7}},"52":{"start":{"line":308,"column":4},"end":{"line":308,"column":36}},"53":{"start":{"line":309,"column":4},"end":{"line":312,"column":7}},"54":{"start":{"line":318,"column":1},"end":{"line":348,"column":3}},"55":{"start":{"line":319,"column":2},"end":{"line":321,"column":5}},"56":{"start":{"line":323,"column":2},"end":{"line":347,"column":6}},"57":{"start":{"line":334,"column":4},"end":{"line":336,"column":7}},"58":{"start":{"line":337,"column":4},"end":{"line":339,"column":5}},"59":{"start":{"line":338,"column":5},"end":{"line":338,"column":43}},"60":{"start":{"line":342,"column":4},"end":{"line":342,"column":25}},"61":{"start":{"line":343,"column":4},"end":{"line":346,"column":7}},"62":{"start":{"line":352,"column":1},"end":{"line":381,"column":3}},"63":{"start":{"line":353,"column":2},"end":{"line":355,"column":5}},"64":{"start":{"line":357,"column":2},"end":{"line":380,"column":6}},"65":{"start":{"line":369,"column":4},"end":{"line":372,"column":7}},"66":{"start":{"line":373,"column":4},"end":{"line":373,"column":38}},"67":{"start":{"line":376,"column":4},"end":{"line":379,"column":7}},"68":{"start":{"line":385,"column":1},"end":{"line":408,"column":3}},"69":{"start":{"line":386,"column":2},"end":{"line":388,"column":5}},"70":{"start":{"line":390,"column":2},"end":{"line":407,"column":6}},"71":{"start":{"line":397,"column":4},"end":{"line":400,"column":7}},"72":{"start":{"line":403,"column":4},"end":{"line":406,"column":7}}},"fnMap":{"0":{"name":"loginRequest","decl":{"start":{"line":188,"column":16},"end":{"line":188,"column":28}},"loc":{"start":{"line":188,"column":50},"end":{"line":223,"column":1}},"line":188},"1":{"name":"(anonymous_1)","decl":{"start":{"line":189,"column":8},"end":{"line":189,"column":9}},"loc":{"start":{"line":189,"column":41},"end":{"line":222,"column":2}},"line":189},"2":{"name":"(anonymous_2)","decl":{"start":{"line":206,"column":9},"end":{"line":206,"column":10}},"loc":{"start":{"line":206,"column":18},"end":{"line":213,"column":4}},"line":206},"3":{"name":"(anonymous_3)","decl":{"start":{"line":214,"column":10},"end":{"line":214,"column":11}},"loc":{"start":{"line":214,"column":28},"end":{"line":221,"column":4}},"line":214},"4":{"name":"logoutRequest","decl":{"start":{"line":225,"column":16},"end":{"line":225,"column":29}},"loc":{"start":{"line":225,"column":32},"end":{"line":251,"column":1}},"line":225},"5":{"name":"(anonymous_5)","decl":{"start":{"line":226,"column":8},"end":{"line":226,"column":9}},"loc":{"start":{"line":226,"column":41},"end":{"line":250,"column":2}},"line":226},"6":{"name":"(anonymous_6)","decl":{"start":{"line":237,"column":9},"end":{"line":237,"column":10}},"loc":{"start":{"line":237,"column":15},"end":{"line":243,"column":4}},"line":237},"7":{"name":"(anonymous_7)","decl":{"start":{"line":244,"column":10},"end":{"line":244,"column":11}},"loc":{"start":{"line":244,"column":28},"end":{"line":249,"column":4}},"line":244},"8":{"name":"registerRequest","decl":{"start":{"line":253,"column":16},"end":{"line":253,"column":31}},"loc":{"start":{"line":253,"column":61},"end":{"line":285,"column":1}},"line":253},"9":{"name":"(anonymous_9)","decl":{"start":{"line":254,"column":8},"end":{"line":254,"column":9}},"loc":{"start":{"line":254,"column":41},"end":{"line":284,"column":2}},"line":254},"10":{"name":"(anonymous_10)","decl":{"start":{"line":270,"column":9},"end":{"line":270,"column":10}},"loc":{"start":{"line":270,"column":18},"end":{"line":277,"column":4}},"line":270},"11":{"name":"(anonymous_11)","decl":{"start":{"line":278,"column":10},"end":{"line":278,"column":11}},"loc":{"start":{"line":278,"column":28},"end":{"line":283,"column":4}},"line":278},"12":{"name":"forgotRequest","decl":{"start":{"line":286,"column":16},"end":{"line":286,"column":29}},"loc":{"start":{"line":286,"column":59},"end":{"line":315,"column":1}},"line":286},"13":{"name":"(anonymous_13)","decl":{"start":{"line":287,"column":8},"end":{"line":287,"column":9}},"loc":{"start":{"line":287,"column":41},"end":{"line":314,"column":2}},"line":287},"14":{"name":"(anonymous_14)","decl":{"start":{"line":301,"column":9},"end":{"line":301,"column":10}},"loc":{"start":{"line":301,"column":15},"end":{"line":305,"column":4}},"line":301},"15":{"name":"(anonymous_15)","decl":{"start":{"line":306,"column":10},"end":{"line":306,"column":11}},"loc":{"start":{"line":306,"column":28},"end":{"line":313,"column":4}},"line":306},"16":{"name":"resetPassword","decl":{"start":{"line":317,"column":16},"end":{"line":317,"column":29}},"loc":{"start":{"line":317,"column":66},"end":{"line":349,"column":1}},"line":317},"17":{"name":"(anonymous_17)","decl":{"start":{"line":318,"column":8},"end":{"line":318,"column":9}},"loc":{"start":{"line":318,"column":41},"end":{"line":348,"column":2}},"line":318},"18":{"name":"(anonymous_18)","decl":{"start":{"line":333,"column":9},"end":{"line":333,"column":10}},"loc":{"start":{"line":333,"column":18},"end":{"line":340,"column":4}},"line":333},"19":{"name":"(anonymous_19)","decl":{"start":{"line":341,"column":10},"end":{"line":341,"column":11}},"loc":{"start":{"line":341,"column":28},"end":{"line":347,"column":4}},"line":341},"20":{"name":"updateUser","decl":{"start":{"line":351,"column":16},"end":{"line":351,"column":26}},"loc":{"start":{"line":351,"column":53},"end":{"line":382,"column":1}},"line":351},"21":{"name":"(anonymous_21)","decl":{"start":{"line":352,"column":8},"end":{"line":352,"column":9}},"loc":{"start":{"line":352,"column":41},"end":{"line":381,"column":2}},"line":352},"22":{"name":"(anonymous_22)","decl":{"start":{"line":368,"column":9},"end":{"line":368,"column":10}},"loc":{"start":{"line":368,"column":18},"end":{"line":374,"column":4}},"line":368},"23":{"name":"(anonymous_23)","decl":{"start":{"line":375,"column":10},"end":{"line":375,"column":11}},"loc":{"start":{"line":375,"column":28},"end":{"line":380,"column":4}},"line":375},"24":{"name":"getUser","decl":{"start":{"line":384,"column":16},"end":{"line":384,"column":23}},"loc":{"start":{"line":384,"column":26},"end":{"line":409,"column":1}},"line":384},"25":{"name":"(anonymous_25)","decl":{"start":{"line":385,"column":8},"end":{"line":385,"column":9}},"loc":{"start":{"line":385,"column":41},"end":{"line":408,"column":2}},"line":385},"26":{"name":"(anonymous_26)","decl":{"start":{"line":396,"column":9},"end":{"line":396,"column":10}},"loc":{"start":{"line":396,"column":18},"end":{"line":401,"column":4}},"line":396},"27":{"name":"(anonymous_27)","decl":{"start":{"line":402,"column":10},"end":{"line":402,"column":11}},"loc":{"start":{"line":402,"column":19},"end":{"line":407,"column":4}},"line":402}},"branchMap":{"0":{"loc":{"start":{"line":337,"column":4},"end":{"line":339,"column":5}},"type":"if","locations":[{"start":{"line":337,"column":4},"end":{"line":339,"column":5}},{"start":{},"end":{}}],"line":337}},"s":{"0":1,"1":1,"2":1,"3":1,"4":1,"5":1,"6":1,"7":1,"8":1,"9":1,"10":1,"11":1,"12":1,"13":1,"14":1,"15":1,"16":1,"17":1,"18":1,"19":1,"20":1,"21":1,"22":1,"23":1,"24":0,"25":0,"26":0,"27":0,"28":0,"29":0,"30":0,"31":0,"32":0,"33":0,"34":0,"35":0,"36":0,"37":0,"38":0,"39":0,"40":0,"41":0,"42":0,"43":0,"44":0,"45":0,"46":0,"47":0,"48":0,"49":0,"50":0,"51":0,"52":0,"53":0,"54":0,"55":0,"56":0,"57":0,"58":0,"59":0,"60":0,"61":0,"62":0,"63":0,"64":0,"65":0,"66":0,"67":0,"68":0,"69":0,"70":0,"71":0,"72":0},"f":{"0":0,"1":0,"2":0,"3":0,"4":0,"5":0,"6":0,"7":0,"8":0,"9":0,"10":0,"11":0,"12":0,"13":0,"14":0,"15":0,"16":0,"17":0,"18":0,"19":0,"20":0,"21":0,"22":0,"23":0,"24":0,"25":0,"26":0,"27":0},"b":{"0":[0,0]},"_coverageSchema":"1a1c01bbd47fc00a2c39e90264f33305004495a9","hash":"fd4c54d7faabd71f4668a2e1cc4a016ccf9f683d"}
,"/home/roman/www/react-webpack-starter-master/src/services/auth/reducer.ts": {"path":"/home/roman/www/react-webpack-starter-master/src/services/auth/reducer.ts","statementMap":{"0":{"start":{"line":45,"column":40},"end":{"line":62,"column":1}},"1":{"start":{"line":64,"column":27},"end":{"line":243,"column":1}},"2":{"start":{"line":68,"column":1},"end":{"line":242,"column":2}},"3":{"start":{"line":70,"column":3},"end":{"line":75,"column":5}},"4":{"start":{"line":78,"column":3},"end":{"line":84,"column":5}},"5":{"start":{"line":88,"column":3},"end":{"line":93,"column":5}},"6":{"start":{"line":97,"column":3},"end":{"line":102,"column":5}},"7":{"start":{"line":105,"column":3},"end":{"line":110,"column":5}},"8":{"start":{"line":113,"column":3},"end":{"line":118,"column":5}},"9":{"start":{"line":121,"column":3},"end":{"line":126,"column":5}},"10":{"start":{"line":129,"column":3},"end":{"line":133,"column":5}},"11":{"start":{"line":136,"column":3},"end":{"line":141,"column":5}},"12":{"start":{"line":144,"column":3},"end":{"line":149,"column":5}},"13":{"start":{"line":152,"column":3},"end":{"line":156,"column":5}},"14":{"start":{"line":159,"column":3},"end":{"line":164,"column":5}},"15":{"start":{"line":167,"column":3},"end":{"line":172,"column":5}},"16":{"start":{"line":175,"column":3},"end":{"line":180,"column":5}},"17":{"start":{"line":183,"column":3},"end":{"line":188,"column":5}},"18":{"start":{"line":191,"column":3},"end":{"line":196,"column":5}},"19":{"start":{"line":199,"column":3},"end":{"line":204,"column":5}},"20":{"start":{"line":207,"column":3},"end":{"line":212,"column":5}},"21":{"start":{"line":215,"column":3},"end":{"line":220,"column":5}},"22":{"start":{"line":223,"column":3},"end":{"line":228,"column":5}},"23":{"start":{"line":231,"column":3},"end":{"line":236,"column":5}},"24":{"start":{"line":240,"column":3},"end":{"line":240,"column":16}}},"fnMap":{"0":{"name":"(anonymous_0)","decl":{"start":{"line":64,"column":27},"end":{"line":64,"column":28}},"loc":{"start":{"line":67,"column":17},"end":{"line":243,"column":1}},"line":67}},"branchMap":{"0":{"loc":{"start":{"line":65,"column":1},"end":{"line":65,"column":33}},"type":"default-arg","locations":[{"start":{"line":65,"column":21},"end":{"line":65,"column":33}}],"line":65},"1":{"loc":{"start":{"line":68,"column":1},"end":{"line":242,"column":2}},"type":"switch","locations":[{"start":{"line":69,"column":2},"end":{"line":76,"column":3}},{"start":{"line":77,"column":2},"end":{"line":85,"column":3}},{"start":{"line":87,"column":2},"end":{"line":94,"column":3}},{"start":{"line":96,"column":2},"end":{"line":103,"column":3}},{"start":{"line":104,"column":2},"end":{"line":111,"column":3}},{"start":{"line":112,"column":2},"end":{"line":119,"column":3}},{"start":{"line":120,"column":2},"end":{"line":127,"column":3}},{"start":{"line":128,"column":2},"end":{"line":134,"column":3}},{"start":{"line":135,"column":2},"end":{"line":142,"column":3}},{"start":{"line":143,"column":2},"end":{"line":150,"column":3}},{"start":{"line":151,"column":2},"end":{"line":157,"column":3}},{"start":{"line":158,"column":2},"end":{"line":165,"column":3}},{"start":{"line":166,"column":2},"end":{"line":173,"column":3}},{"start":{"line":174,"column":2},"end":{"line":181,"column":3}},{"start":{"line":182,"column":2},"end":{"line":189,"column":3}},{"start":{"line":190,"column":2},"end":{"line":197,"column":3}},{"start":{"line":198,"column":2},"end":{"line":205,"column":3}},{"start":{"line":206,"column":2},"end":{"line":213,"column":3}},{"start":{"line":214,"column":2},"end":{"line":221,"column":3}},{"start":{"line":222,"column":2},"end":{"line":229,"column":3}},{"start":{"line":230,"column":2},"end":{"line":237,"column":3}},{"start":{"line":239,"column":2},"end":{"line":241,"column":3}}],"line":68}},"s":{"0":1,"1":1,"2":27,"3":3,"4":2,"5":2,"6":1,"7":1,"8":1,"9":1,"10":1,"11":1,"12":1,"13":1,"14":1,"15":1,"16":1,"17":1,"18":1,"19":1,"20":1,"21":1,"22":1,"23":1,"24":2},"f":{"0":27},"b":{"0":[1],"1":[3,2,2,1,1,1,1,1,1,1,1,1,1,1,1,1,1,1,1,1,1,2]},"_coverageSchema":"1a1c01bbd47fc00a2c39e90264f33305004495a9","hash":"59f1f31788d1f2620bf33e1f6957390257d98807"}
,"/home/roman/www/react-webpack-starter-master/src/services/ingredient/action.ts": {"path":"/home/roman/www/react-webpack-starter-master/src/services/ingredient/action.ts","statementMap":{"0":{"start":{"line":3,"column":30},"end":{"line":3,"column":55}},"1":{"start":{"line":4,"column":33},"end":{"line":4,"column":61}},"2":{"start":{"line":16,"column":29},"end":{"line":21,"column":2}},"3":{"start":{"line":18,"column":28},"end":{"line":21,"column":1}},"4":{"start":{"line":23,"column":32},"end":{"line":25,"column":2}},"5":{"start":{"line":23,"column":64},"end":{"line":25,"column":1}}},"fnMap":{"0":{"name":"(anonymous_0)","decl":{"start":{"line":16,"column":29},"end":{"line":16,"column":30}},"loc":{"start":{"line":18,"column":28},"end":{"line":21,"column":1}},"line":18},"1":{"name":"(anonymous_1)","decl":{"start":{"line":23,"column":32},"end":{"line":23,"column":33}},"loc":{"start":{"line":23,"column":64},"end":{"line":25,"column":1}},"line":23}},"branchMap":{},"s":{"0":1,"1":1,"2":1,"3":0,"4":1,"5":0},"f":{"0":0,"1":0},"b":{},"_coverageSchema":"1a1c01bbd47fc00a2c39e90264f33305004495a9","hash":"4ee345d2d8efd4d7a6ac8a70442cde42d147056e"}
,"/home/roman/www/react-webpack-starter-master/src/services/ingredient/reducer.ts": {"path":"/home/roman/www/react-webpack-starter-master/src/services/ingredient/reducer.ts","statementMap":{"0":{"start":{"line":13,"column":28},"end":{"line":16,"column":1}},"1":{"start":{"line":18,"column":33},"end":{"line":41,"column":1}},"2":{"start":{"line":22,"column":1},"end":{"line":40,"column":2}},"3":{"start":{"line":24,"column":3},"end":{"line":28,"column":5}},"4":{"start":{"line":31,"column":3},"end":{"line":35,"column":5}},"5":{"start":{"line":38,"column":3},"end":{"line":38,"column":16}}},"fnMap":{"0":{"name":"(anonymous_0)","decl":{"start":{"line":18,"column":33},"end":{"line":18,"column":34}},"loc":{"start":{"line":21,"column":5},"end":{"line":41,"column":1}},"line":21}},"branchMap":{"0":{"loc":{"start":{"line":19,"column":1},"end":{"line":19,"column":39}},"type":"default-arg","locations":[{"start":{"line":19,"column":27},"end":{"line":19,"column":39}}],"line":19},"1":{"loc":{"start":{"line":22,"column":1},"end":{"line":40,"column":2}},"type":"switch","locations":[{"start":{"line":23,"column":2},"end":{"line":29,"column":3}},{"start":{"line":30,"column":2},"end":{"line":36,"column":3}},{"start":{"line":37,"column":2},"end":{"line":39,"column":3}}],"line":22}},"s":{"0":1,"1":1,"2":4,"3":1,"4":1,"5":2},"f":{"0":4},"b":{"0":[1],"1":[1,1,2]},"_coverageSchema":"1a1c01bbd47fc00a2c39e90264f33305004495a9","hash":"dae6435eaf7f7a11e4ddbf21d7e0a161c31fb92c"}
,"/home/roman/www/react-webpack-starter-master/src/services/ingredients/action.ts": {"path":"/home/roman/www/react-webpack-starter-master/src/services/ingredients/action.ts","statementMap":{"0":{"start":{"line":6,"column":31},"end":{"line":6,"column":57}},"1":{"start":{"line":7,"column":39},"end":{"line":7,"column":73}},"2":{"start":{"line":8,"column":38},"end":{"line":8,"column":71}},"3":{"start":{"line":34,"column":1},"end":{"line":62,"column":3}},"4":{"start":{"line":35,"column":2},"end":{"line":37,"column":5}},"5":{"start":{"line":38,"column":18},"end":{"line":43,"column":3}},"6":{"start":{"line":45,"column":2},"end":{"line":61,"column":6}},"7":{"start":{"line":47,"column":4},"end":{"line":54,"column":5}},"8":{"start":{"line":48,"column":5},"end":{"line":51,"column":8}},"9":{"start":{"line":53,"column":5},"end":{"line":53,"column":52}},"10":{"start":{"line":57,"column":4},"end":{"line":57,"column":36}},"11":{"start":{"line":58,"column":4},"end":{"line":60,"column":7}}},"fnMap":{"0":{"name":"getIngredients","decl":{"start":{"line":33,"column":16},"end":{"line":33,"column":30}},"loc":{"start":{"line":33,"column":33},"end":{"line":63,"column":1}},"line":33},"1":{"name":"(anonymous_1)","decl":{"start":{"line":34,"column":8},"end":{"line":34,"column":9}},"loc":{"start":{"line":34,"column":41},"end":{"line":62,"column":2}},"line":34},"2":{"name":"(anonymous_2)","decl":{"start":{"line":46,"column":9},"end":{"line":46,"column":10}},"loc":{"start":{"line":46,"column":18},"end":{"line":55,"column":4}},"line":46},"3":{"name":"(anonymous_3)","decl":{"start":{"line":56,"column":10},"end":{"line":56,"column":11}},"loc":{"start":{"line":56,"column":21},"end":{"line":61,"column":4}},"line":56}},"branchMap":{"0":{"loc":{"start":{"line":47,"column":4},"end":{"line":54,"column":5}},"type":"if","locations":[{"start":{"line":47,"column":4},"end":{"line":54,"column":5}},{"start":{"line":52,"column":11},"end":{"line":54,"column":5}}],"line":47}},"s":{"0":1,"1":1,"2":1,"3":0,"4":0,"5":0,"6":0,"7":0,"8":0,"9":0,"10":0,"11":0},"f":{"0":0,"1":0,"2":0,"3":0},"b":{"0":[0,0]},"_coverageSchema":"1a1c01bbd47fc00a2c39e90264f33305004495a9","hash":"5bec8c908072d80e27f86321d1f307d1e88a962a"}
,"/home/roman/www/react-webpack-starter-master/src/services/ingredients/reducer.ts": {"path":"/home/roman/www/react-webpack-starter-master/src/services/ingredients/reducer.ts","statementMap":{"0":{"start":{"line":16,"column":47},"end":{"line":21,"column":1}},"1":{"start":{"line":22,"column":34},"end":{"line":53,"column":1}},"2":{"start":{"line":26,"column":1},"end":{"line":52,"column":2}},"3":{"start":{"line":28,"column":3},"end":{"line":32,"column":5}},"4":{"start":{"line":35,"column":3},"end":{"line":40,"column":5}},"5":{"start":{"line":43,"column":3},"end":{"line":47,"column":5}},"6":{"start":{"line":50,"column":3},"end":{"line":50,"column":16}}},"fnMap":{"0":{"name":"(anonymous_0)","decl":{"start":{"line":22,"column":34},"end":{"line":22,"column":35}},"loc":{"start":{"line":25,"column":24},"end":{"line":53,"column":1}},"line":25}},"branchMap":{"0":{"loc":{"start":{"line":23,"column":1},"end":{"line":23,"column":40}},"type":"default-arg","locations":[{"start":{"line":23,"column":28},"end":{"line":23,"column":40}}],"line":23},"1":{"loc":{"start":{"line":26,"column":1},"end":{"line":52,"column":2}},"type":"switch","locations":[{"start":{"line":27,"column":2},"end":{"line":33,"column":3}},{"start":{"line":34,"column":2},"end":{"line":41,"column":3}},{"start":{"line":42,"column":2},"end":{"line":48,"column":3}},{"start":{"line":49,"column":2},"end":{"line":51,"column":3}}],"line":26}},"s":{"0":1,"1":1,"2":5,"3":1,"4":1,"5":1,"6":2},"f":{"0":5},"b":{"0":[1],"1":[1,1,1,2]},"_coverageSchema":"1a1c01bbd47fc00a2c39e90264f33305004495a9","hash":"49ef1e4d04d0e0cded9dd303dfe843d85378fe89"}
,"/home/roman/www/react-webpack-starter-master/src/services/order/action.ts": {"path":"/home/roman/www/react-webpack-starter-master/src/services/order/action.ts","statementMap":{"0":{"start":{"line":11,"column":25},"end":{"line":11,"column":45}},"1":{"start":{"line":12,"column":32},"end":{"line":12,"column":59}},"2":{"start":{"line":13,"column":33},"end":{"line":13,"column":61}},"3":{"start":{"line":14,"column":27},"end":{"line":14,"column":49}},"4":{"start":{"line":16,"column":30},"end":{"line":16,"column":55}},"5":{"start":{"line":17,"column":37},"end":{"line":17,"column":69}},"6":{"start":{"line":18,"column":38},"end":{"line":18,"column":71}},"7":{"start":{"line":19,"column":32},"end":{"line":19,"column":59}},"8":{"start":{"line":78,"column":24},"end":{"line":107,"column":1}},"9":{"start":{"line":79,"column":1},"end":{"line":106,"column":3}},"10":{"start":{"line":80,"column":2},"end":{"line":80,"column":49}},"11":{"start":{"line":81,"column":35},"end":{"line":87,"column":3}},"12":{"start":{"line":88,"column":2},"end":{"line":105,"column":6}},"13":{"start":{"line":90,"column":4},"end":{"line":97,"column":5}},"14":{"start":{"line":91,"column":5},"end":{"line":94,"column":8}},"15":{"start":{"line":96,"column":5},"end":{"line":96,"column":45}},"16":{"start":{"line":100,"column":4},"end":{"line":100,"column":41}},"17":{"start":{"line":101,"column":4},"end":{"line":104,"column":7}},"18":{"start":{"line":109,"column":26},"end":{"line":111,"column":2}},"19":{"start":{"line":109,"column":52},"end":{"line":111,"column":1}},"20":{"start":{"line":113,"column":28},"end":{"line":141,"column":1}},"21":{"start":{"line":114,"column":1},"end":{"line":140,"column":3}},"22":{"start":{"line":115,"column":2},"end":{"line":115,"column":58}},"23":{"start":{"line":116,"column":35},"end":{"line":121,"column":3}},"24":{"start":{"line":122,"column":2},"end":{"line":139,"column":6}},"25":{"start":{"line":124,"column":4},"end":{"line":131,"column":5}},"26":{"start":{"line":125,"column":5},"end":{"line":128,"column":8}},"27":{"start":{"line":130,"column":5},"end":{"line":130,"column":45}},"28":{"start":{"line":134,"column":4},"end":{"line":134,"column":41}},"29":{"start":{"line":135,"column":4},"end":{"line":138,"column":7}},"30":{"start":{"line":143,"column":30},"end":{"line":145,"column":2}},"31":{"start":{"line":143,"column":60},"end":{"line":145,"column":1}}},"fnMap":{"0":{"name":"(anonymous_0)","decl":{"start":{"line":78,"column":24},"end":{"line":78,"column":25}},"loc":{"start":{"line":78,"column":51},"end":{"line":107,"column":1}},"line":78},"1":{"name":"(anonymous_1)","decl":{"start":{"line":79,"column":8},"end":{"line":79,"column":9}},"loc":{"start":{"line":79,"column":41},"end":{"line":106,"column":2}},"line":79},"2":{"name":"(anonymous_2)","decl":{"start":{"line":89,"column":9},"end":{"line":89,"column":10}},"loc":{"start":{"line":89,"column":18},"end":{"line":98,"column":4}},"line":89},"3":{"name":"(anonymous_3)","decl":{"start":{"line":99,"column":10},"end":{"line":99,"column":11}},"loc":{"start":{"line":99,"column":28},"end":{"line":105,"column":4}},"line":99},"4":{"name":"(anonymous_4)","decl":{"start":{"line":109,"column":26},"end":{"line":109,"column":27}},"loc":{"start":{"line":109,"column":52},"end":{"line":111,"column":1}},"line":109},"5":{"name":"(anonymous_5)","decl":{"start":{"line":113,"column":28},"end":{"line":113,"column":29}},"loc":{"start":{"line":113,"column":49},"end":{"line":141,"column":1}},"line":113},"6":{"name":"(anonymous_6)","decl":{"start":{"line":114,"column":8},"end":{"line":114,"column":9}},"loc":{"start":{"line":114,"column":41},"end":{"line":140,"column":2}},"line":114},"7":{"name":"(anonymous_7)","decl":{"start":{"line":123,"column":9},"end":{"line":123,"column":10}},"loc":{"start":{"line":123,"column":18},"end":{"line":132,"column":4}},"line":123},"8":{"name":"(anonymous_8)","decl":{"start":{"line":133,"column":10},"end":{"line":133,"column":11}},"loc":{"start":{"line":133,"column":28},"end":{"line":139,"column":4}},"line":133},"9":{"name":"(anonymous_9)","decl":{"start":{"line":143,"column":30},"end":{"line":143,"column":31}},"loc":{"start":{"line":143,"column":60},"end":{"line":145,"column":1}},"line":143}},"branchMap":{"0":{"loc":{"start":{"line":90,"column":4},"end":{"line":97,"column":5}},"type":"if","locations":[{"start":{"line":90,"column":4},"end":{"line":97,"column":5}},{"start":{"line":95,"column":11},"end":{"line":97,"column":5}}],"line":90},"1":{"loc":{"start":{"line":124,"column":4},"end":{"line":131,"column":5}},"type":"if","locations":[{"start":{"line":124,"column":4},"end":{"line":131,"column":5}},{"start":{"line":129,"column":11},"end":{"line":131,"column":5}}],"line":124},"2":{"loc":{"start":{"line":127,"column":12},"end":{"line":127,"column":45}},"type":"cond-expr","locations":[{"start":{"line":127,"column":25},"end":{"line":127,"column":38}},{"start":{"line":127,"column":41},"end":{"line":127,"column":45}}],"line":127}},"s":{"0":1,"1":1,"2":1,"3":1,"4":1,"5":1,"6":1,"7":1,"8":1,"9":0,"10":0,"11":0,"12":0,"13":0,"14":0,"15":0,"16":0,"17":0,"18":1,"19":0,"20":1,"21":0,"22":0,"23":0,"24":0,"25":0,"26":0,"27":0,"28":0,"29":0,"30":1,"31":0},"f":{"0":0,"1":0,"2":0,"3":0,"4":0,"5":0,"6":0,"7":0,"8":0,"9":0},"b":{"0":[0,0],"1":[0,0],"2":[0,0]},"_coverageSchema":"1a1c01bbd47fc00a2c39e90264f33305004495a9","hash":"42f85228ce2efb81b70875e451bbc38300e96360"}
,"/home/roman/www/react-webpack-starter-master/src/services/order/reducer.ts": {"path":"/home/roman/www/react-webpack-starter-master/src/services/order/reducer.ts","statementMap":{"0":{"start":{"line":14,"column":41},"end":{"line":21,"column":1}},"1":{"start":{"line":36,"column":28},"end":{"line":108,"column":1}},"2":{"start":{"line":40,"column":1},"end":{"line":107,"column":2}},"3":{"start":{"line":42,"column":3},"end":{"line":47,"column":5}},"4":{"start":{"line":50,"column":3},"end":{"line":56,"column":5}},"5":{"start":{"line":59,"column":3},"end":{"line":64,"column":5}},"6":{"start":{"line":67,"column":3},"end":{"line":70,"column":5}},"7":{"start":{"line":73,"column":3},"end":{"line":78,"column":5}},"8":{"start":{"line":81,"column":3},"end":{"line":87,"column":5}},"9":{"start":{"line":90,"column":3},"end":{"line":95,"column":5}},"10":{"start":{"line":98,"column":3},"end":{"line":101,"column":5}},"11":{"start":{"line":105,"column":3},"end":{"line":105,"column":16}}},"fnMap":{"0":{"name":"(anonymous_0)","decl":{"start":{"line":36,"column":28},"end":{"line":36,"column":29}},"loc":{"start":{"line":39,"column":18},"end":{"line":108,"column":1}},"line":39}},"branchMap":{"0":{"loc":{"start":{"line":37,"column":1},"end":{"line":37,"column":34}},"type":"default-arg","locations":[{"start":{"line":37,"column":22},"end":{"line":37,"column":34}}],"line":37},"1":{"loc":{"start":{"line":40,"column":1},"end":{"line":107,"column":2}},"type":"switch","locations":[{"start":{"line":41,"column":2},"end":{"line":48,"column":3}},{"start":{"line":49,"column":2},"end":{"line":57,"column":3}},{"start":{"line":58,"column":2},"end":{"line":65,"column":3}},{"start":{"line":66,"column":2},"end":{"line":71,"column":3}},{"start":{"line":72,"column":2},"end":{"line":79,"column":3}},{"start":{"line":80,"column":2},"end":{"line":88,"column":3}},{"start":{"line":89,"column":2},"end":{"line":96,"column":3}},{"start":{"line":97,"column":2},"end":{"line":102,"column":3}},{"start":{"line":104,"column":2},"end":{"line":106,"column":3}}],"line":40}},"s":{"0":1,"1":1,"2":10,"3":1,"4":1,"5":1,"6":1,"7":1,"8":1,"9":1,"10":1,"11":2},"f":{"0":10},"b":{"0":[1],"1":[1,1,1,1,1,1,1,1,2]},"_coverageSchema":"1a1c01bbd47fc00a2c39e90264f33305004495a9","hash":"79e5c0ef46b68ad5ea4bb643bf7094dacdc763cd"}
,"/home/roman/www/react-webpack-starter-master/src/services/selected-ingredients/action.ts": {"path":"/home/roman/www/react-webpack-starter-master/src/services/selected-ingredients/action.ts","statementMap":{"0":{"start":{"line":3,"column":24},"end":{"line":3,"column":43}},"1":{"start":{"line":4,"column":27},"end":{"line":4,"column":49}},"2":{"start":{"line":5,"column":23},"end":{"line":5,"column":41}},"3":{"start":{"line":6,"column":26},"end":{"line":6,"column":47}},"4":{"start":{"line":7,"column":28},"end":{"line":7,"column":51}},"5":{"start":{"line":38,"column":23},"end":{"line":41,"column":2}},"6":{"start":{"line":38,"column":69},"end":{"line":41,"column":1}},"7":{"start":{"line":43,"column":26},"end":{"line":46,"column":2}},"8":{"start":{"line":43,"column":75},"end":{"line":46,"column":1}},"9":{"start":{"line":48,"column":22},"end":{"line":51,"column":2}},"10":{"start":{"line":48,"column":60},"end":{"line":51,"column":1}},"11":{"start":{"line":53,"column":25},"end":{"line":55,"column":2}},"12":{"start":{"line":53,"column":50},"end":{"line":55,"column":1}},"13":{"start":{"line":57,"column":27},"end":{"line":62,"column":2}},"14":{"start":{"line":59,"column":26},"end":{"line":62,"column":1}}},"fnMap":{"0":{"name":"(anonymous_0)","decl":{"start":{"line":38,"column":23},"end":{"line":38,"column":24}},"loc":{"start":{"line":38,"column":69},"end":{"line":41,"column":1}},"line":38},"1":{"name":"(anonymous_1)","decl":{"start":{"line":43,"column":26},"end":{"line":43,"column":27}},"loc":{"start":{"line":43,"column":75},"end":{"line":46,"column":1}},"line":43},"2":{"name":"(anonymous_2)","decl":{"start":{"line":48,"column":22},"end":{"line":48,"column":23}},"loc":{"start":{"line":48,"column":60},"end":{"line":51,"column":1}},"line":48},"3":{"name":"(anonymous_3)","decl":{"start":{"line":53,"column":25},"end":{"line":53,"column":26}},"loc":{"start":{"line":53,"column":50},"end":{"line":55,"column":1}},"line":53},"4":{"name":"(anonymous_4)","decl":{"start":{"line":57,"column":27},"end":{"line":57,"column":28}},"loc":{"start":{"line":59,"column":26},"end":{"line":62,"column":1}},"line":59}},"branchMap":{},"s":{"0":1,"1":1,"2":1,"3":1,"4":1,"5":1,"6":0,"7":1,"8":0,"9":1,"10":0,"11":1,"12":0,"13":1,"14":0},"f":{"0":0,"1":0,"2":0,"3":0,"4":0},"b":{},"_coverageSchema":"1a1c01bbd47fc00a2c39e90264f33305004495a9","hash":"86db8dbcf55f8eb431c858563c8b2cf8c0c3ebe1"}
,"/home/roman/www/react-webpack-starter-master/src/services/selected-ingredients/reducer.ts": {"path":"/home/roman/www/react-webpack-starter-master/src/services/selected-ingredients/reducer.ts","statementMap":{"0":{"start":{"line":16,"column":28},"end":{"line":19,"column":1}},"1":{"start":{"line":21,"column":42},"end":{"line":52,"column":1}},"2":{"start":{"line":25,"column":1},"end":{"line":51,"column":2}},"3":{"start":{"line":27,"column":3},"end":{"line":30,"column":5}},"4":{"start":{"line":33,"column":3},"end":{"line":38,"column":5}},"5":{"start":{"line":36,"column":15},"end":{"line":36,"column":59}},"6":{"start":{"line":41,"column":3},"end":{"line":41,"column":40}},"7":{"start":{"line":44,"column":3},"end":{"line":44,"column":34}},"8":{"start":{"line":47,"column":3},"end":{"line":47,"column":56}},"9":{"start":{"line":50,"column":3},"end":{"line":50,"column":16}}},"fnMap":{"0":{"name":"(anonymous_0)","decl":{"start":{"line":21,"column":42},"end":{"line":21,"column":43}},"loc":{"start":{"line":24,"column":5},"end":{"line":52,"column":1}},"line":24},"1":{"name":"(anonymous_1)","decl":{"start":{"line":36,"column":5},"end":{"line":36,"column":6}},"loc":{"start":{"line":36,"column":15},"end":{"line":36,"column":59}},"line":36}},"branchMap":{"0":{"loc":{"start":{"line":22,"column":1},"end":{"line":22,"column":46}},"type":"default-arg","locations":[{"start":{"line":22,"column":34},"end":{"line":22,"column":46}}],"line":22},"1":{"loc":{"start":{"line":25,"column":1},"end":{"line":51,"column":2}},"type":"switch","locations":[{"start":{"line":26,"column":2},"end":{"line":30,"column":5}},{"start":{"line":32,"column":2},"end":{"line":38,"column":5}},{"start":{"line":40,"column":2},"end":{"line":41,"column":40}},{"start":{"line":43,"column":2},"end":{"line":44,"column":34}},{"start":{"line":46,"column":2},"end":{"line":47,"column":56}},{"start":{"line":49,"column":2},"end":{"line":50,"column":16}}],"line":25}},"s":{"0":1,"1":1,"2":7,"3":1,"4":1,"5":2,"6":1,"7":1,"8":1,"9":2},"f":{"0":7,"1":2},"b":{"0":[1],"1":[1,1,1,1,1,2]},"_coverageSchema":"1a1c01bbd47fc00a2c39e90264f33305004495a9","hash":"cc38026928e3b76bf25331139d80ad5ec7d1c3a9"}
,"/home/roman/www/react-webpack-starter-master/src/services/websocket/actions.ts": {"path":"/home/roman/www/react-webpack-starter-master/src/services/websocket/actions.ts","statementMap":{"0":{"start":{"line":4,"column":35},"end":{"line":4,"column":65}},"1":{"start":{"line":6,"column":1},"end":{"line":6,"column":40}},"2":{"start":{"line":7,"column":37},"end":{"line":7,"column":69}},"3":{"start":{"line":8,"column":35},"end":{"line":8,"column":65}},"4":{"start":{"line":9,"column":36},"end":{"line":9,"column":67}},"5":{"start":{"line":10,"column":30},"end":{"line":10,"column":55}},"6":{"start":{"line":11,"column":31},"end":{"line":11,"column":57}},"7":{"start":{"line":45,"column":40},"end":{"line":51,"column":1}},"8":{"start":{"line":46,"column":15},"end":{"line":46,"column":72}},"9":{"start":{"line":47,"column":1},"end":{"line":50,"column":3}},"10":{"start":{"line":52,"column":33},"end":{"line":57,"column":1}},"11":{"start":{"line":53,"column":1},"end":{"line":56,"column":3}},"12":{"start":{"line":58,"column":35},"end":{"line":62,"column":1}},"13":{"start":{"line":59,"column":1},"end":{"line":61,"column":3}},"14":{"start":{"line":64,"column":33},"end":{"line":68,"column":1}},"15":{"start":{"line":65,"column":1},"end":{"line":67,"column":3}},"16":{"start":{"line":70,"column":34},"end":{"line":74,"column":1}},"17":{"start":{"line":71,"column":1},"end":{"line":73,"column":3}}},"fnMap":{"0":{"name":"(anonymous_0)","decl":{"start":{"line":45,"column":40},"end":{"line":45,"column":41}},"loc":{"start":{"line":45,"column":61},"end":{"line":51,"column":1}},"line":45},"1":{"name":"(anonymous_1)","decl":{"start":{"line":52,"column":33},"end":{"line":52,"column":34}},"loc":{"start":{"line":52,"column":54},"end":{"line":57,"column":1}},"line":52},"2":{"name":"(anonymous_2)","decl":{"start":{"line":58,"column":35},"end":{"line":58,"column":36}},"loc":{"start":{"line":58,"column":56},"end":{"line":62,"column":1}},"line":58},"3":{"name":"(anonymous_3)","decl":{"start":{"line":64,"column":33},"end":{"line":64,"column":34}},"loc":{"start":{"line":64,"column":54},"end":{"line":68,"column":1}},"line":64},"4":{"name":"(anonymous_4)","decl":{"start":{"line":70,"column":34},"end":{"line":70,"column":35}},"loc":{"start":{"line":70,"column":55},"end":{"line":74,"column":1}},"line":70}},"branchMap":{},"s":{"0":1,"1":1,"2":1,"3":1,"4":1,"5":1,"6":1,"7":1,"8":0,"9":0,"10":1,"11":0,"12":1,"13":0,"14":1,"15":0,"16":1,"17":0},"f":{"0":0,"1":0,"2":0,"3":0,"4":0},"b":{},"_coverageSchema":"1a1c01bbd47fc00a2c39e90264f33305004495a9","hash":"f20fc0e8b88aa4202382b9d892796aa2d5993646"}
,"/home/roman/www/react-webpack-starter-master/src/services/websocket/reducer.ts": {"path":"/home/roman/www/react-webpack-starter-master/src/services/websocket/reducer.ts","statementMap":{"0":{"start":{"line":21,"column":38},"end":{"line":26,"column":1}},"1":{"start":{"line":28,"column":25},"end":{"line":74,"column":1}},"2":{"start":{"line":32,"column":1},"end":{"line":73,"column":2}},"3":{"start":{"line":34,"column":3},"end":{"line":40,"column":5}},"4":{"start":{"line":42,"column":3},"end":{"line":45,"column":5}},"5":{"start":{"line":47,"column":3},"end":{"line":50,"column":5}},"6":{"start":{"line":52,"column":3},"end":{"line":56,"column":5}},"7":{"start":{"line":58,"column":3},"end":{"line":64,"column":4}},"8":{"start":{"line":63,"column":4},"end":{"line":63,"column":17}},"9":{"start":{"line":65,"column":3},"end":{"line":70,"column":5}},"10":{"start":{"line":72,"column":3},"end":{"line":72,"column":16}}},"fnMap":{"0":{"name":"(anonymous_0)","decl":{"start":{"line":28,"column":25},"end":{"line":28,"column":26}},"loc":{"start":{"line":31,"column":15},"end":{"line":74,"column":1}},"line":31}},"branchMap":{"0":{"loc":{"start":{"line":29,"column":1},"end":{"line":29,"column":21}},"type":"default-arg","locations":[{"start":{"line":29,"column":9},"end":{"line":29,"column":21}}],"line":29},"1":{"loc":{"start":{"line":32,"column":1},"end":{"line":73,"column":2}},"type":"switch","locations":[{"start":{"line":33,"column":2},"end":{"line":40,"column":5}},{"start":{"line":41,"column":2},"end":{"line":45,"column":5}},{"start":{"line":46,"column":2},"end":{"line":50,"column":5}},{"start":{"line":51,"column":2},"end":{"line":56,"column":5}},{"start":{"line":57,"column":2},"end":{"line":70,"column":5}},{"start":{"line":71,"column":2},"end":{"line":72,"column":16}}],"line":32},"2":{"loc":{"start":{"line":58,"column":3},"end":{"line":64,"column":4}},"type":"if","locations":[{"start":{"line":58,"column":3},"end":{"line":64,"column":4}},{"start":{},"end":{}}],"line":58},"3":{"loc":{"start":{"line":59,"column":4},"end":{"line":61,"column":51}},"type":"binary-expr","locations":[{"start":{"line":59,"column":4},"end":{"line":59,"column":45}},{"start":{"line":60,"column":4},"end":{"line":60,"column":41}},{"start":{"line":61,"column":4},"end":{"line":61,"column":51}}],"line":59},"4":{"loc":{"start":{"line":69,"column":19},"end":{"line":69,"column":47}},"type":"binary-expr","locations":[{"start":{"line":69,"column":19},"end":{"line":69,"column":41}},{"start":{"line":69,"column":45},"end":{"line":69,"column":47}}],"line":69}},"s":{"0":1,"1":1,"2":7,"3":1,"4":1,"5":1,"6":1,"7":2,"8":1,"9":1,"10":1},"f":{"0":7},"b":{"0":[1],"1":[1,1,1,1,2,1],"2":[1,1],"3":[2,1,1],"4":[1,0]},"_coverageSchema":"1a1c01bbd47fc00a2c39e90264f33305004495a9","hash":"c3f818dfd84f6b894ddafc0261890e9ea24f6d78"}
}
