TN:
SF:src/components/utils/endpoints.ts
FNF:0
FNH:0
DA:1,3
DA:2,3
DA:3,3
DA:4,3
DA:5,3
DA:6,3
DA:7,3
DA:8,3
DA:9,3
LF:9
LH:9
BRF:0
BRH:0
end_of_record
TN:
SF:src/components/utils/request.ts
FN:27,(anonymous_0)
FN:38,(anonymous_1)
FN:49,(anonymous_2)
FN:62,(anonymous_3)
FNF:4
FNH:0
FNDA:0,(anonymous_0)
FNDA:0,(anonymous_1)
FNDA:0,(anonymous_2)
FNDA:0,(anonymous_3)
DA:4,3
DA:27,3
DA:28,0
DA:30,0
DA:39,0
DA:40,0
DA:42,0
DA:43,0
DA:45,0
DA:49,3
DA:53,0
DA:54,0
DA:55,0
DA:56,0
DA:59,0
DA:62,3
DA:66,0
DA:68,0
DA:70,0
DA:71,0
DA:76,0
DA:77,0
DA:78,0
DA:79,0
DA:80,0
DA:85,0
DA:86,0
LF:27
LH:4
BRDA:39,0,0,0
BRDA:39,0,1,0
BRDA:54,1,0,0
BRDA:54,1,1,0
BRDA:64,2,0,0
BRDA:66,3,0,0
BRDA:66,3,1,0
BRDA:68,4,0,0
BRDA:68,4,1,0
BRDA:77,5,0,0
BRDA:77,5,1,0
BRDA:86,6,0,0
BRDA:86,6,1,0
BRF:13
BRH:0
end_of_record
TN:
SF:src/components/utils/storage.ts
FN:4,(anonymous_0)
FN:10,(anonymous_1)
FN:28,(anonymous_2)
FNF:3
FNH:0
FNDA:0,(anonymous_0)
FNDA:0,(anonymous_1)
FNDA:0,(anonymous_2)
DA:4,4
DA:6,0
DA:7,0
DA:10,4
DA:14,0
DA:15,0
DA:16,0
DA:19,0
DA:21,0
DA:24,0
DA:28,4
DA:29,0
LF:12
LH:3
BRDA:6,0,0,0
BRDA:6,0,1,0
BRDA:12,1,0,0
BRDA:15,2,0,0
BRDA:15,2,1,0
BRF:5
BRH:0
end_of_record
TN:
SF:src/services/auth/action.ts
FN:188,loginRequest
FN:189,(anonymous_1)
FN:206,(anonymous_2)
FN:214,(anonymous_3)
FN:225,logoutRequest
FN:226,(anonymous_5)
FN:237,(anonymous_6)
FN:244,(anonymous_7)
FN:253,registerRequest
FN:254,(anonymous_9)
FN:270,(anonymous_10)
FN:278,(anonymous_11)
FN:286,forgotRequest
FN:287,(anonymous_13)
FN:301,(anonymous_14)
FN:306,(anonymous_15)
FN:317,resetPassword
FN:318,(anonymous_17)
FN:333,(anonymous_18)
FN:341,(anonymous_19)
FN:351,updateUser
FN:352,(anonymous_21)
FN:368,(anonymous_22)
FN:375,(anonymous_23)
FN:384,getUser
FN:385,(anonymous_25)
FN:396,(anonymous_26)
FN:402,(anonymous_27)
FNF:28
FNH:0
FNDA:0,loginRequest
FNDA:0,(anonymous_1)
FNDA:0,(anonymous_2)
FNDA:0,(anonymous_3)
FNDA:0,logoutRequest
FNDA:0,(anonymous_5)
FNDA:0,(anonymous_6)
FNDA:0,(anonymous_7)
FNDA:0,registerRequest
FNDA:0,(anonymous_9)
FNDA:0,(anonymous_10)
FNDA:0,(anonymous_11)
FNDA:0,forgotRequest
FNDA:0,(anonymous_13)
FNDA:0,(anonymous_14)
FNDA:0,(anonymous_15)
FNDA:0,resetPassword
FNDA:0,(anonymous_17)
FNDA:0,(anonymous_18)
FNDA:0,(anonymous_19)
FNDA:0,updateUser
FNDA:0,(anonymous_21)
FNDA:0,(anonymous_22)
FNDA:0,(anonymous_23)
FNDA:0,getUser
FNDA:0,(anonymous_25)
FNDA:0,(anonymous_26)
FNDA:0,(anonymous_27)
DA:18,1
DA:19,1
DA:20,1
DA:21,1
DA:22,1
DA:23,1
DA:24,1
DA:25,1
DA:26,1
DA:27,1
DA:28,1
DA:29,1
DA:30,1
DA:31,1
DA:32,1
DA:33,1
DA:34,1
DA:35,1
DA:36,1
DA:37,1
DA:38,1
DA:39,1
DA:40,1
DA:41,1
DA:189,0
DA:190,0
DA:194,0
DA:205,0
DA:207,0
DA:211,0
DA:212,0
DA:215,0
DA:216,0
DA:220,0
DA:226,0
DA:227,0
DA:230,0
DA:238,0
DA:241,0
DA:242,0
DA:245,0
DA:254,0
DA:255,0
DA:259,0
DA:271,0
DA:272,0
DA:273,0
DA:279,0
DA:287,0
DA:288,0
DA:292,0
DA:302,0
DA:308,0
DA:309,0
DA:318,0
DA:319,0
DA:323,0
DA:334,0
DA:337,0
DA:338,0
DA:342,0
DA:343,0
DA:352,0
DA:353,0
DA:357,0
DA:369,0
DA:373,0
DA:376,0
DA:385,0
DA:386,0
DA:390,0
DA:397,0
DA:403,0
LF:73
LH:24
BRDA:337,0,0,0
BRDA:337,0,1,0
BRF:2
BRH:0
end_of_record
TN:
SF:src/services/auth/reducer.ts
FN:64,(anonymous_0)
FNF:1
FNH:1
FNDA:27,(anonymous_0)
DA:45,1
DA:64,1
DA:68,27
DA:70,3
DA:78,2
DA:88,2
DA:97,1
DA:105,1
DA:113,1
DA:121,1
DA:129,1
DA:136,1
DA:144,1
DA:152,1
DA:159,1
DA:167,1
DA:175,1
DA:183,1
DA:191,1
DA:199,1
DA:207,1
DA:215,1
DA:223,1
DA:231,1
DA:240,2
LF:25
LH:25
BRDA:65,0,0,1
BRDA:68,1,0,3
BRDA:68,1,1,2
BRDA:68,1,2,2
BRDA:68,1,3,1
BRDA:68,1,4,1
BRDA:68,1,5,1
BRDA:68,1,6,1
BRDA:68,1,7,1
BRDA:68,1,8,1
BRDA:68,1,9,1
BRDA:68,1,10,1
BRDA:68,1,11,1
BRDA:68,1,12,1
BRDA:68,1,13,1
BRDA:68,1,14,1
BRDA:68,1,15,1
BRDA:68,1,16,1
BRDA:68,1,17,1
BRDA:68,1,18,1
BRDA:68,1,19,1
BRDA:68,1,20,1
BRDA:68,1,21,2
BRF:23
BRH:23
end_of_record
TN:
SF:src/services/ingredient/action.ts
FN:16,(anonymous_0)
FN:23,(anonymous_1)
FNF:2
FNH:0
FNDA:0,(anonymous_0)
FNDA:0,(anonymous_1)
DA:3,1
DA:4,1
DA:16,1
DA:18,0
DA:23,1
LF:5
LH:4
BRF:0
BRH:0
end_of_record
TN:
SF:src/services/ingredient/reducer.ts
FN:18,(anonymous_0)
FNF:1
FNH:1
FNDA:4,(anonymous_0)
DA:13,1
DA:18,1
DA:22,4
DA:24,1
DA:31,1
DA:38,2
LF:6
LH:6
BRDA:19,0,0,1
BRDA:22,1,0,1
BRDA:22,1,1,1
BRDA:22,1,2,2
BRF:4
BRH:4
end_of_record
TN:
SF:src/services/ingredients/action.ts
FN:33,getIngredients
FN:34,(anonymous_1)
FN:46,(anonymous_2)
FN:56,(anonymous_3)
FNF:4
FNH:0
FNDA:0,getIngredients
FNDA:0,(anonymous_1)
FNDA:0,(anonymous_2)
FNDA:0,(anonymous_3)
DA:6,1
DA:7,1
DA:8,1
DA:34,0
DA:35,0
DA:38,0
DA:45,0
DA:47,0
DA:48,0
DA:53,0
DA:57,0
DA:58,0
LF:12
LH:3
BRDA:47,0,0,0
BRDA:47,0,1,0
BRF:2
BRH:0
end_of_record
TN:
SF:src/services/ingredients/reducer.ts
FN:22,(anonymous_0)
FNF:1
FNH:1
FNDA:5,(anonymous_0)
DA:16,1
DA:22,1
DA:26,5
DA:28,1
DA:35,1
DA:43,1
DA:50,2
LF:7
LH:7
BRDA:23,0,0,1
BRDA:26,1,0,1
BRDA:26,1,1,1
BRDA:26,1,2,1
BRDA:26,1,3,2
BRF:5
BRH:5
end_of_record
TN:
SF:src/services/order/action.ts
FN:78,(anonymous_0)
FN:79,(anonymous_1)
FN:89,(anonymous_2)
FN:99,(anonymous_3)
FN:109,(anonymous_4)
FN:113,(anonymous_5)
FN:114,(anonymous_6)
FN:123,(anonymous_7)
FN:133,(anonymous_8)
FN:143,(anonymous_9)
FNF:10
FNH:0
FNDA:0,(anonymous_0)
FNDA:0,(anonymous_1)
FNDA:0,(anonymous_2)
FNDA:0,(anonymous_3)
FNDA:0,(anonymous_4)
FNDA:0,(anonymous_5)
FNDA:0,(anonymous_6)
FNDA:0,(anonymous_7)
FNDA:0,(anonymous_8)
FNDA:0,(anonymous_9)
DA:11,1
DA:12,1
DA:13,1
DA:14,1
DA:16,1
DA:17,1
DA:18,1
DA:19,1
DA:78,1
DA:79,0
DA:80,0
DA:81,0
DA:88,0
DA:90,0
DA:91,0
DA:96,0
DA:100,0
DA:101,0
DA:109,1
DA:113,1
DA:114,0
DA:115,0
DA:116,0
DA:122,0
DA:124,0
DA:125,0
DA:130,0
DA:134,0
DA:135,0
DA:143,1
LF:30
LH:12
BRDA:90,0,0,0
BRDA:90,0,1,0
BRDA:124,1,0,0
BRDA:124,1,1,0
BRDA:127,2,0,0
BRDA:127,2,1,0
BRF:6
BRH:0
end_of_record
TN:
SF:src/services/order/reducer.ts
FN:36,(anonymous_0)
FNF:1
FNH:1
FNDA:10,(anonymous_0)
DA:14,1
DA:36,1
DA:40,10
DA:42,1
DA:50,1
DA:59,1
DA:67,1
DA:73,1
DA:81,1
DA:90,1
DA:98,1
DA:105,2
LF:12
LH:12
BRDA:37,0,0,1
BRDA:40,1,0,1
BRDA:40,1,1,1
BRDA:40,1,2,1
BRDA:40,1,3,1
BRDA:40,1,4,1
BRDA:40,1,5,1
BRDA:40,1,6,1
BRDA:40,1,7,1
BRDA:40,1,8,2
BRF:10
BRH:10
end_of_record
TN:
SF:src/services/selected-ingredients/action.ts
FN:38,(anonymous_0)
FN:43,(anonymous_1)
FN:48,(anonymous_2)
FN:53,(anonymous_3)
FN:57,(anonymous_4)
FNF:5
FNH:0
FNDA:0,(anonymous_0)
FNDA:0,(anonymous_1)
FNDA:0,(anonymous_2)
FNDA:0,(anonymous_3)
FNDA:0,(anonymous_4)
DA:3,1
DA:4,1
DA:5,1
DA:6,1
DA:7,1
DA:38,1
DA:43,1
DA:48,1
DA:53,1
DA:57,1
DA:59,0
LF:11
LH:10
BRF:0
BRH:0
end_of_record
TN:
SF:src/services/selected-ingredients/reducer.ts
FN:21,(anonymous_0)
FN:36,(anonymous_1)
FNF:2
FNH:2
FNDA:7,(anonymous_0)
FNDA:2,(anonymous_1)
DA:16,1
DA:21,1
DA:25,7
DA:27,1
DA:33,1
DA:36,2
DA:41,1
DA:44,1
DA:47,1
DA:50,2
LF:10
LH:10
BRDA:22,0,0,1
BRDA:25,1,0,1
BRDA:25,1,1,1
BRDA:25,1,2,1
BRDA:25,1,3,1
BRDA:25,1,4,1
BRDA:25,1,5,2
BRF:7
BRH:7
end_of_record
TN:
SF:src/services/websocket/actions.ts
FN:45,(anonymous_0)
FN:52,(anonymous_1)
FN:58,(anonymous_2)
FN:64,(anonymous_3)
FN:70,(anonymous_4)
FNF:5
FNH:0
FNDA:0,(anonymous_0)
FNDA:0,(anonymous_1)
FNDA:0,(anonymous_2)
FNDA:0,(anonymous_3)
FNDA:0,(anonymous_4)
DA:4,1
DA:6,1
DA:7,1
DA:8,1
DA:9,1
DA:10,1
DA:11,1
DA:45,1
DA:46,0
DA:47,0
DA:52,1
DA:53,0
DA:58,1
DA:59,0
DA:64,1
DA:65,0
DA:70,1
DA:71,0
LF:18
LH:12
BRF:0
BRH:0
end_of_record
TN:
SF:src/services/websocket/reducer.ts
FN:28,(anonymous_0)
FNF:1
FNH:1
FNDA:7,(anonymous_0)
DA:21,1
DA:28,1
DA:32,7
DA:34,1
DA:42,1
DA:47,1
DA:52,1
DA:58,2
DA:63,1
DA:65,1
DA:72,1
LF:11
LH:11
BRDA:29,0,0,1
BRDA:32,1,0,1
BRDA:32,1,1,1
BRDA:32,1,2,1
BRDA:32,1,3,1
BRDA:32,1,4,2
BRDA:32,1,5,1
BRDA:58,2,0,1
BRDA:58,2,1,1
BRDA:59,3,0,2
BRDA:59,3,1,1
BRDA:59,3,2,1
BRDA:69,4,0,1
BRDA:69,4,1,0
BRF:14
BRH:13
end_of_record
